<?xml version="1.0" encoding="UTF-8"?>
<!-- Generated by org.testng.reporters.JUnitReportReporter -->
<testsuite hostname="LAPTOP-K4S1BMDT" failures="0" tests="2" name="tests.GoogleSearchTest" time="16.181" errors="0" timestamp="2025-04-22T12:17:10 IST" skipped="0">
  <testcase classname="tests.GoogleSearchTest" name="testGoogleSearch" time="6.910"/>
  <testcase classname="tests.GoogleSearchTest" name="testGoogleSearch" time="9.271"/>
</testsuite> <!-- tests.GoogleSearchTest -->
