<?xml version="1.0" encoding="UTF-8"?>
<!-- Generated by org.testng.reporters.JUnitReportReporter -->
<testsuite hostname="LAPTOP-K4S1BMDT" failures="0" tests="6" name="practice.asserts" time="0.028" errors="0" timestamp="2025-04-26T13:07:16 IST" skipped="0">
  <testcase classname="practice.asserts" name="ass1" time="0.012"/>
  <testcase classname="practice.asserts" name="ass2" time="0.004"/>
  <testcase classname="practice.asserts" name="ass3" time="0.002"/>
  <testcase classname="practice.asserts" name="ass4" time="0.002"/>
  <testcase classname="practice.asserts" name="ass5" time="0.005"/>
  <testcase classname="practice.asserts" name="ass6" time="0.003"/>
</testsuite> <!-- practice.asserts -->
