<?xml version="1.0" encoding="UTF-8"?>
<!-- Generated by org.testng.reporters.JUnitReportReporter -->
<testsuite hostname="LAPTOP-K4S1BMDT" failures="0" tests="1" name="grid.gridclass" time="4.448" errors="0" timestamp="2025-04-17T13:56:28 IST" skipped="0">
  <testcase classname="grid.gridclass" name="testTwo" time="4.448"/>
</testsuite> <!-- grid.gridclass -->
