<?xml version="1.0" encoding="UTF-8"?>
<!-- Generated by org.testng.reporters.JUnitReportReporter -->
<testsuite hostname="LAPTOP-K4S1BMDT" failures="0" tests="5" name="pom.excercise" time="13.444" errors="0" timestamp="2025-04-16T18:43:15 IST" skipped="0">
  <testcase classname="pom.excercise" name="login" time="0.353"/>
  <testcase classname="pom.excercise" name="products" time="0.040"/>
  <testcase classname="pom.excercise" name="carts" time="3.262"/>
  <testcase classname="pom.excercise" name="chkouts" time="9.744"/>
  <testcase classname="pom.excercise" name="msg" time="0.045"/>
</testsuite> <!-- pom.excercise -->
