<?xml version="1.0" encoding="UTF-8"?>
<!-- Generated by org.testng.reporters.JUnitReportReporter -->
<testsuite hostname="LAPTOP-K4S1BMDT" failures="0" tests="1" name="grid.gridclass2" time="10.895" errors="0" timestamp="2025-04-17T13:57:00 IST" skipped="0">
  <testcase classname="grid.gridclass2" name="testOne" time="10.895"/>
</testsuite> <!-- grid.gridclass2 -->
