<?xml version="1.0" encoding="UTF-8"?>
<!-- Generated by org.testng.reporters.JUnitReportReporter -->
<testsuite hostname="LAPTOP-K4S1BMDT" failures="0" tests="5" name="pom.excercise" time="13.218" errors="0" timestamp="2025-04-26T12:15:51 IST" skipped="0">
  <testcase classname="pom.excercise" name="login" time="0.329"/>
  <testcase classname="pom.excercise" name="products" time="0.049"/>
  <testcase classname="pom.excercise" name="carts" time="3.179"/>
  <testcase classname="pom.excercise" name="chkouts" time="9.616"/>
  <testcase classname="pom.excercise" name="msg" time="0.045"/>
</testsuite> <!-- pom.excercise -->
