<?xml version="1.0" encoding="UTF-8"?>
<!-- Generated by org.testng.reporters.JUnitReportReporter -->
<testsuite hostname="LAPTOP-K4S1BMDT" failures="0" tests="1" name="testng.tests1" time="11.151" errors="0" timestamp="2025-03-20T11:48:02 IST" skipped="0">
  <testcase classname="testng.tests1" name="user" time="11.151"/>
</testsuite> <!-- testng.tests1 -->
