<?xml version="1.0" encoding="UTF-8"?>
<!-- Generated by org.testng.reporters.JUnitReportReporter -->
<testsuite hostname="LAPTOP-K4S1BMDT" failures="0" tests="2" name="testng.test2" time="0.015" errors="0" timestamp="2025-03-15T13:45:58 IST" skipped="0">
  <testcase classname="testng.test2" name="sendkeys" time="0.005"/>
  <testcase classname="testng.test2" name="validate" time="0.010"/>
</testsuite> <!-- testng.test2 -->
