<?xml version="1.0" encoding="UTF-8"?>
<!-- Generated by org.testng.reporters.JUnitReportReporter -->
<testsuite hostname="LAPTOP-K4S1BMDT" failures="0" tests="1" name="testng.testt" time="0.003" errors="0" timestamp="2025-03-15T13:45:58 IST" skipped="0">
  <testcase classname="testng.testt" name="sendkeys" time="0.003"/>
</testsuite> <!-- testng.testt -->
