<?xml version="1.0" encoding="UTF-8"?>
<!-- Generated by org.testng.reporters.JUnitReportReporter -->
<testsuite hostname="LAPTOP-K4S1BMDT" failures="0" tests="4" name="grid.gridclass1" time="17.359" errors="0" timestamp="2025-04-17T13:50:50 IST" skipped="0">
  <testcase classname="grid.gridclass1" name="verifyLoginPage" time="4.459"/>
  <testcase classname="grid.gridclass1" name="performLogin" time="0.772"/>
  <testcase classname="grid.gridclass1" name="verifyHomeScreen" time="6.201"/>
  <testcase classname="grid.gridclass1" name="testLinksFunctionality" time="5.927"/>
</testsuite> <!-- grid.gridclass1 -->
