<?xml version="1.0" encoding="UTF-8"?>
<!-- Generated by org.testng.reporters.JUnitReportReporter -->
<testsuite hostname="LAPTOP-K4S1BMDT" failures="0" tests="3" name="testng.NewTest" time="0.015" errors="0" timestamp="2025-03-15T12:51:03 IST" skipped="0">
  <testcase classname="testng.NewTest" name="openurl" time="0.011"/>
  <testcase classname="testng.NewTest" name="login" time="0.002"/>
  <testcase classname="testng.NewTest" name="logout" time="0.002"/>
</testsuite> <!-- testng.NewTest -->
