<?xml version="1.0" encoding="UTF-8"?>
<!-- Generated by org.testng.reporters.JUnitReportReporter -->
<testsuite hostname="LAPTOP-K4S1BMDT" failures="0" tests="2" name="testng.test4" time="0.011" errors="0" timestamp="2025-04-20T16:53:18 IST" skipped="0">
  <testcase classname="testng.test4" name="validate" time="0.009"/>
  <testcase classname="testng.test4" name="sendkeys" time="0.002"/>
</testsuite> <!-- testng.test4 -->
