<?xml version="1.0" encoding="UTF-8"?>
<!-- Generated by org.testng.reporters.JUnitReportReporter -->
<testsuite hostname="LAPTOP-K4S1BMDT" failures="0" tests="2" name="testng.test5" time="0.009" errors="0" timestamp="2025-04-20T16:50:59 IST" skipped="0">
  <testcase classname="testng.test5" name="sendkeys" time="0.006"/>
  <testcase classname="testng.test5" name="validate" time="0.003"/>
</testsuite> <!-- testng.test5 -->
