<?xml version="1.0" encoding="UTF-8"?>
<!-- Generated by org.testng.reporters.JUnitReportReporter -->
<testsuite hostname="LAPTOP-K4S1BMDT" failures="0" tests="2" name="testng.test3" time="0.004" errors="0" timestamp="2025-03-15T13:45:58 IST" skipped="0">
  <testcase classname="testng.test3" name="sendkeys" time="0.002"/>
  <testcase classname="testng.test3" name="validate" time="0.002"/>
</testsuite> <!-- testng.test3 -->
