<?xml version="1.0" encoding="UTF-8"?>
<!-- Generated by org.testng.reporters.JUnitReportReporter -->
<testsuite hostname="LAPTOP-K4S1BMDT" failures="0" tests="1" name="pom.orange" time="3.037" errors="0" timestamp="2025-04-16T13:23:56 IST" skipped="0">
  <testcase classname="pom.orange" name="login2" time="3.037"/>
</testsuite> <!-- pom.orange -->
