<?xml version="1.0" encoding="UTF-8"?>
<!-- Generated by org.testng.reporters.JUnitReportReporter -->
<testsuite hostname="LAPTOP-K4S1BMDT" failures="0" tests="6" name="testng.practice2" time="0.022" errors="0" timestamp="2025-03-24T12:09:56 IST" skipped="0">
  <testcase classname="testng.practice2" name="password" time="0.002"/>
  <testcase classname="testng.practice2" name="password" time="0.006"/>
  <testcase classname="testng.practice2" name="validate2" time="0.005"/>
  <testcase classname="testng.practice2" name="validate2" time="0.001"/>
  <testcase classname="testng.practice2" name="name5" time="0.004"/>
  <testcase classname="testng.practice2" name="name5" time="0.004"/>
</testsuite> <!-- testng.practice2 -->
