<?xml version="1.0" encoding="UTF-8"?>
<!-- Generated by org.testng.reporters.JUnitReportReporter -->
<testsuite hostname="LAPTOP-K4S1BMDT" failures="0" tests="6" name="testng.practice1" time="0.025" errors="0" timestamp="2025-03-24T12:09:56 IST" skipped="0">
  <testcase classname="testng.practice1" name="name" time="0.004"/>
  <testcase classname="testng.practice1" name="name" time="0.008"/>
  <testcase classname="testng.practice1" name="name2" time="0.002"/>
  <testcase classname="testng.practice1" name="name2" time="0.003"/>
  <testcase classname="testng.practice1" name="name3" time="0.005"/>
  <testcase classname="testng.practice1" name="name3" time="0.003"/>
</testsuite> <!-- testng.practice1 -->
