<?xml version="1.0" encoding="UTF-8"?>
<!-- Generated by org.testng.reporters.JUnitReportReporter -->
<testsuite hostname="LAPTOP-K4S1BMDT" failures="0" tests="3" name="testng.dependency1" time="66.149" errors="0" timestamp="2025-03-27T12:57:34 IST" skipped="0">
  <testcase classname="testng.dependency1" name="geturl" time="65.808"/>
  <testcase classname="testng.dependency1" name="credentials" time="0.263"/>
  <testcase classname="testng.dependency1" name="login" time="0.078"/>
</testsuite> <!-- testng.dependency1 -->
