<?xml version="1.0" encoding="UTF-8"?>
<!-- Generated by org.testng.reporters.JUnitReportReporter -->
<testsuite hostname="LAPTOP-K4S1BMDT" failures="0" tests="1" name="testng.testw1" time="31.667" errors="0" timestamp="2025-03-20T12:23:13 IST" skipped="0">
  <testcase classname="testng.testw1" name="user" time="31.667"/>
</testsuite> <!-- testng.testw1 -->
